# JRE version: Java(TM) SE Runtime Environment (8.0_25-b18) (build 1.8.0_25-b18)
# Java VM: Java HotSpot(TM) 64-Bit Server VM (25.25-b02 mixed mode windows-amd64 compressed oops)
Heap:
 PSYoungGen      total 203776K, used 145942K [0x00000000eab00000, 0x00000000fc280000, 0x0000000100000000)
  eden space 175616K, 67% used [0x00000000eab00000,0x00000000f1e07b30,0x00000000f5680000)
  from space 28160K, 99% used [0x00000000f5680000,0x00000000f71fde88,0x00000000f7200000)
  to   space 35328K, 0% used [0x00000000fa000000,0x00000000fa000000,0x00000000fc280000)
 ParOldGen       total 120832K, used 42806K [0x00000000c0000000, 0x00000000c7600000, 0x00000000eab00000)
  object space 120832K, 35% used [0x00000000c0000000,0x00000000c29cd8f8,0x00000000c7600000)
 Metaspace       used 47856K, capacity 52075K, committed 52224K, reserved 1093632K
  class space    used 6623K, capacity 7885K, committed 7936K, reserved 1048576K
GC Heap History (10 events):
Event: 4.861 GC heap before
{Heap before GC invocations=11 (full 1):
 PSYoungGen      total 141312K, used 100194K [0x00000000eab00000, 0x00000000f6200000, 0x0000000100000000)
  eden space 130560K, 68% used [0x00000000eab00000,0x00000000f025ed50,0x00000000f2a80000)
  from space 10752K, 99% used [0x00000000f2a80000,0x00000000f34f9ac8,0x00000000f3500000)
  to   space 13824K, 0% used [0x00000000f5480000,0x00000000f5480000,0x00000000f6200000)
 ParOldGen       total 62976K, used 11289K [0x00000000c0000000, 0x00000000c3d80000, 0x00000000eab00000)
  object space 62976K, 17% used [0x00000000c0000000,0x00000000c0b066e8,0x00000000c3d80000)
 Metaspace       used 34153K, capacity 35370K, committed 35456K, reserved 1079296K
  class space    used 4498K, capacity 4964K, committed 4992K, reserved 1048576K
Event: 4.880 GC heap after
Heap after GC invocations=11 (full 1):
 PSYoungGen      total 168448K, used 13792K [0x00000000eab00000, 0x00000000f7200000, 0x0000000100000000)
  eden space 154624K, 0% used [0x00000000eab00000,0x00000000eab00000,0x00000000f4200000)
  from space 13824K, 99% used [0x00000000f5480000,0x00000000f61f8070,0x00000000f6200000)
  to   space 18944K, 0% used [0x00000000f4200000,0x00000000f4200000,0x00000000f5480000)
 ParOldGen       total 62976K, used 19491K [0x00000000c0000000, 0x00000000c3d80000, 0x00000000eab00000)
  object space 62976K, 30% used [0x00000000c0000000,0x00000000c1308d40,0x00000000c3d80000)
 Metaspace       used 34153K, capacity 35370K, committed 35456K, reserved 1079296K
  class space    used 4498K, capacity 4964K, committed 4992K, reserved 1048576K
}
Event: 4.880 GC heap before
{Heap before GC invocations=12 (full 2):
 PSYoungGen      total 168448K, used 13792K [0x00000000eab00000, 0x00000000f7200000, 0x0000000100000000)
  eden space 154624K, 0% used [0x00000000eab00000,0x00000000eab00000,0x00000000f4200000)
  from space 13824K, 99% used [0x00000000f5480000,0x00000000f61f8070,0x00000000f6200000)
  to   space 18944K, 0% used [0x00000000f4200000,0x00000000f4200000,0x00000000f5480000)
 ParOldGen       total 62976K, used 19491K [0x00000000c0000000, 0x00000000c3d80000, 0x00000000eab00000)
  object space 62976K, 30% used [0x00000000c0000000,0x00000000c1308d40,0x00000000c3d80000)
 Metaspace       used 34153K, capacity 35370K, committed 35456K, reserved 1079296K
  class space    used 4498K, capacity 4964K, committed 4992K, reserved 1048576K
Event: 5.017 GC heap after
Heap after GC invocations=12 (full 2):
 PSYoungGen      total 168448K, used 0K [0x00000000eab00000, 0x00000000f7200000, 0x0000000100000000)
  eden space 154624K, 0% used [0x00000000eab00000,0x00000000eab00000,0x00000000f4200000)
  from space 13824K, 0% used [0x00000000f5480000,0x00000000f5480000,0x00000000f6200000)
  to   space 18944K, 0% used [0x00000000f4200000,0x00000000f4200000,0x00000000f5480000)
 ParOldGen       total 120832K, used 27994K [0x00000000c0000000, 0x00000000c7600000, 0x00000000eab00000)
  object space 120832K, 23% used [0x00000000c0000000,0x00000000c1b56a38,0x00000000c7600000)
 Metaspace       used 34153K, capacity 35370K, committed 35456K, reserved 1079296K
  class space    used 4498K, capacity 4964K, committed 4992K, reserved 1048576K
}
Event: 6.373 GC heap before
{Heap before GC invocations=13 (full 2):
 PSYoungGen      total 168448K, used 154624K [0x00000000eab00000, 0x00000000f7200000, 0x0000000100000000)
  eden space 154624K, 100% used [0x00000000eab00000,0x00000000f4200000,0x00000000f4200000)
  from space 13824K, 0% used [0x00000000f5480000,0x00000000f5480000,0x00000000f6200000)
  to   space 18944K, 0% used [0x00000000f4200000,0x00000000f4200000,0x00000000f5480000)
 ParOldGen       total 120832K, used 27994K [0x00000000c0000000, 0x00000000c7600000, 0x00000000eab00000)
  object space 120832K, 23% used [0x00000000c0000000,0x00000000c1b56a38,0x00000000c7600000)
 Metaspace       used 39882K, capacity 41760K, committed 42112K, reserved 1085440K
  class space    used 5432K, capacity 6146K, committed 6272K, reserved 1048576K
Event: 6.386 GC heap after
Heap after GC invocations=13 (full 2):
 PSYoungGen      total 173568K, used 17111K [0x00000000eab00000, 0x00000000f8700000, 0x0000000100000000)
  eden space 154624K, 0% used [0x00000000eab00000,0x00000000eab00000,0x00000000f4200000)
  from space 18944K, 90% used [0x00000000f4200000,0x00000000f52b5de8,0x00000000f5480000)
  to   space 21504K, 0% used [0x00000000f7200000,0x00000000f7200000,0x00000000f8700000)
 ParOldGen       total 120832K, used 28002K [0x00000000c0000000, 0x00000000c7600000, 0x00000000eab00000)
  object space 120832K, 23% used [0x00000000c0000000,0x00000000c1b58a38,0x00000000c7600000)
 Metaspace       used 39882K, capacity 41760K, committed 42112K, reserved 1085440K
  class space    used 5432K, capacity 6146K, committed 6272K, reserved 1048576K
}
Event: 7.943 GC heap before
{Heap before GC invocations=14 (full 2):
 PSYoungGen      total 173568K, used 171735K [0x00000000eab00000, 0x00000000f8700000, 0x0000000100000000)
  eden space 154624K, 100% used [0x00000000eab00000,0x00000000f4200000,0x00000000f4200000)
  from space 18944K, 90% used [0x00000000f4200000,0x00000000f52b5de8,0x00000000f5480000)
  to   space 21504K, 0% used [0x00000000f7200000,0x00000000f7200000,0x00000000f8700000)
 ParOldGen       total 120832K, used 28002K [0x00000000c0000000, 0x00000000c7600000, 0x00000000eab00000)
  object space 120832K, 23% used [0x00000000c0000000,0x00000000c1b58a38,0x00000000c7600000)
 Metaspace       used 42949K, capacity 46393K, committed 46720K, reserved 1089536K
  class space    used 5860K, capacity 6940K, committed 7040K, reserved 1048576K
Event: 7.994 GC heap after
Heap after GC invocations=14 (full 2):
 PSYoungGen      total 197120K, used 21504K [0x00000000eab00000, 0x00000000f9a80000, 0x0000000100000000)
  eden space 175616K, 0% used [0x00000000eab00000,0x00000000eab00000,0x00000000f5680000)
  from space 21504K, 100% used [0x00000000f7200000,0x00000000f8700000,0x00000000f8700000)
  to   space 28160K, 0% used [0x00000000f5680000,0x00000000f5680000,0x00000000f7200000)
 ParOldGen       total 120832K, used 35986K [0x00000000c0000000, 0x00000000c7600000, 0x00000000eab00000)
  object space 120832K, 29% used [0x00000000c0000000,0x00000000c2324818,0x00000000c7600000)
 Metaspace       used 42949K, capacity 46393K, committed 46720K, reserved 1089536K
  class space    used 5860K, capacity 6940K, committed 7040K, reserved 1048576K
}
Event: 9.269 GC heap before
{Heap before GC invocations=15 (full 2):
 PSYoungGen      total 197120K, used 197120K [0x00000000eab00000, 0x00000000f9a80000, 0x0000000100000000)
  eden space 175616K, 100% used [0x00000000eab00000,0x00000000f5680000,0x00000000f5680000)
  from space 21504K, 100% used [0x00000000f7200000,0x00000000f8700000,0x00000000f8700000)
  to   space 28160K, 0% used [0x00000000f5680000,0x00000000f5680000,0x00000000f7200000)
 ParOldGen       total 120832K, used 35986K [0x00000000c0000000, 0x00000000c7600000, 0x00000000eab00000)
  object space 120832K, 29% used [0x00000000c0000000,0x00000000c2324818,0x00000000c7600000)
 Metaspace       used 46236K, capacity 50305K, committed 50432K, reserved 1091584K
  class space    used 6407K, capacity 7650K, committed 7680K, reserved 1048576K
Event: 9.296 GC heap after
Heap after GC invocations=15 (full 2):
 PSYoungGen      total 203776K, used 28151K [0x00000000eab00000, 0x00000000fc280000, 0x0000000100000000)
  eden space 175616K, 0% used [0x00000000eab00000,0x00000000eab00000,0x00000000f5680000)
  from space 28160K, 99% used [0x00000000f5680000,0x00000000f71fde88,0x00000000f7200000)
  to   space 35328K, 0% used [0x00000000fa000000,0x00000000fa000000,0x00000000fc280000)
 ParOldGen       total 120832K, used 42806K [0x00000000c0000000, 0x00000000c7600000, 0x00000000eab00000)
  object space 120832K, 35% used [0x00000000c0000000,0x00000000c29cd8f8,0x00000000c7600000)
 Metaspace       used 46236K, capacity 50305K, committed 50432K, reserved 1091584K
  class space    used 6407K, capacity 7650K, committed 7680K, reserved 1048576K
}

