# JRE version: Java(TM) SE Runtime Environment (8.0_25-b18) (build 1.8.0_25-b18)
# Java VM: Java HotSpot(TM) 64-Bit Server VM (25.25-b02 mixed mode windows-amd64 compressed oops)
Heap:
 PSYoungGen      total 241664K, used 65076K [0x00000000eab00000, 0x00000000ff900000, 0x0000000100000000)
  eden space 209920K, 15% used [0x00000000eab00000,0x00000000ecb90c08,0x00000000f7800000)
  from space 31744K, 99% used [0x00000000f7800000,0x00000000f96fc558,0x00000000f9700000)
  to   space 43008K, 0% used [0x00000000fcf00000,0x00000000fcf00000,0x00000000ff900000)
 ParOldGen       total 122368K, used 49948K [0x00000000c0000000, 0x00000000c7780000, 0x00000000eab00000)
  object space 122368K, 40% used [0x00000000c0000000,0x00000000c30c7008,0x00000000c7780000)
 Metaspace       used 47928K, capacity 52187K, committed 52224K, reserved 1093632K
  class space    used 6640K, capacity 7899K, committed 7936K, reserved 1048576K
GC Heap History (10 events):
Event: 5.406 GC heap before
{Heap before GC invocations=9 (full 1):
 PSYoungGen      total 147456K, used 127580K [0x00000000eab00000, 0x00000000f8200000, 0x0000000100000000)
  eden space 135168K, 85% used [0x00000000eab00000,0x00000000f1b9b2a0,0x00000000f2f00000)
  from space 12288K, 99% used [0x00000000f2f00000,0x00000000f3afc0f0,0x00000000f3b00000)
  to   space 15872K, 0% used [0x00000000f7280000,0x00000000f7280000,0x00000000f8200000)
 ParOldGen       total 68608K, used 12004K [0x00000000c0000000, 0x00000000c4300000, 0x00000000eab00000)
  object space 68608K, 17% used [0x00000000c0000000,0x00000000c0bb93d0,0x00000000c4300000)
 Metaspace       used 34119K, capacity 35398K, committed 35456K, reserved 1079296K
  class space    used 4499K, capacity 4966K, committed 4992K, reserved 1048576K
Event: 5.423 GC heap after
Heap after GC invocations=9 (full 1):
 PSYoungGen      total 198144K, used 15860K [0x00000000eab00000, 0x00000000f9500000, 0x0000000100000000)
  eden space 182272K, 0% used [0x00000000eab00000,0x00000000eab00000,0x00000000f5d00000)
  from space 15872K, 99% used [0x00000000f7280000,0x00000000f81fd120,0x00000000f8200000)
  to   space 22016K, 0% used [0x00000000f5d00000,0x00000000f5d00000,0x00000000f7280000)
 ParOldGen       total 68608K, used 18497K [0x00000000c0000000, 0x00000000c4300000, 0x00000000eab00000)
  object space 68608K, 26% used [0x00000000c0000000,0x00000000c1210480,0x00000000c4300000)
 Metaspace       used 34119K, capacity 35398K, committed 35456K, reserved 1079296K
  class space    used 4499K, capacity 4966K, committed 4992K, reserved 1048576K
}
Event: 5.423 GC heap before
{Heap before GC invocations=10 (full 2):
 PSYoungGen      total 198144K, used 15860K [0x00000000eab00000, 0x00000000f9500000, 0x0000000100000000)
  eden space 182272K, 0% used [0x00000000eab00000,0x00000000eab00000,0x00000000f5d00000)
  from space 15872K, 99% used [0x00000000f7280000,0x00000000f81fd120,0x00000000f8200000)
  to   space 22016K, 0% used [0x00000000f5d00000,0x00000000f5d00000,0x00000000f7280000)
 ParOldGen       total 68608K, used 18497K [0x00000000c0000000, 0x00000000c4300000, 0x00000000eab00000)
  object space 68608K, 26% used [0x00000000c0000000,0x00000000c1210480,0x00000000c4300000)
 Metaspace       used 34119K, capacity 35398K, committed 35456K, reserved 1079296K
  class space    used 4499K, capacity 4966K, committed 4992K, reserved 1048576K
Event: 5.531 GC heap after
Heap after GC invocations=10 (full 2):
 PSYoungGen      total 198144K, used 0K [0x00000000eab00000, 0x00000000f9500000, 0x0000000100000000)
  eden space 182272K, 0% used [0x00000000eab00000,0x00000000eab00000,0x00000000f5d00000)
  from space 15872K, 0% used [0x00000000f7280000,0x00000000f7280000,0x00000000f8200000)
  to   space 22016K, 0% used [0x00000000f5d00000,0x00000000f5d00000,0x00000000f7280000)
 ParOldGen       total 122368K, used 28365K [0x00000000c0000000, 0x00000000c7780000, 0x00000000eab00000)
  object space 122368K, 23% used [0x00000000c0000000,0x00000000c1bb34c8,0x00000000c7780000)
 Metaspace       used 34119K, capacity 35398K, committed 35456K, reserved 1079296K
  class space    used 4499K, capacity 4966K, committed 4992K, reserved 1048576K
}
Event: 7.114 GC heap before
{Heap before GC invocations=11 (full 2):
 PSYoungGen      total 198144K, used 182272K [0x00000000eab00000, 0x00000000f9500000, 0x0000000100000000)
  eden space 182272K, 100% used [0x00000000eab00000,0x00000000f5d00000,0x00000000f5d00000)
  from space 15872K, 0% used [0x00000000f7280000,0x00000000f7280000,0x00000000f8200000)
  to   space 22016K, 0% used [0x00000000f5d00000,0x00000000f5d00000,0x00000000f7280000)
 ParOldGen       total 122368K, used 28365K [0x00000000c0000000, 0x00000000c7780000, 0x00000000eab00000)
  object space 122368K, 23% used [0x00000000c0000000,0x00000000c1bb34c8,0x00000000c7780000)
 Metaspace       used 40996K, capacity 42889K, committed 43136K, reserved 1085440K
  class space    used 5601K, capacity 6260K, committed 6272K, reserved 1048576K
Event: 7.132 GC heap after
Heap after GC invocations=11 (full 2):
 PSYoungGen      total 204288K, used 20124K [0x00000000eab00000, 0x00000000faf80000, 0x0000000100000000)
  eden space 182272K, 0% used [0x00000000eab00000,0x00000000eab00000,0x00000000f5d00000)
  from space 22016K, 91% used [0x00000000f5d00000,0x00000000f70a7168,0x00000000f7280000)
  to   space 25088K, 0% used [0x00000000f9700000,0x00000000f9700000,0x00000000faf80000)
 ParOldGen       total 122368K, used 28373K [0x00000000c0000000, 0x00000000c7780000, 0x00000000eab00000)
  object space 122368K, 23% used [0x00000000c0000000,0x00000000c1bb54c8,0x00000000c7780000)
 Metaspace       used 40996K, capacity 42889K, committed 43136K, reserved 1085440K
  class space    used 5601K, capacity 6260K, committed 6272K, reserved 1048576K
}
Event: 8.671 GC heap before
{Heap before GC invocations=12 (full 2):
 PSYoungGen      total 204288K, used 202396K [0x00000000eab00000, 0x00000000faf80000, 0x0000000100000000)
  eden space 182272K, 100% used [0x00000000eab00000,0x00000000f5d00000,0x00000000f5d00000)
  from space 22016K, 91% used [0x00000000f5d00000,0x00000000f70a7168,0x00000000f7280000)
  to   space 25088K, 0% used [0x00000000f9700000,0x00000000f9700000,0x00000000faf80000)
 ParOldGen       total 122368K, used 28373K [0x00000000c0000000, 0x00000000c7780000, 0x00000000eab00000)
  object space 122368K, 23% used [0x00000000c0000000,0x00000000c1bb54c8,0x00000000c7780000)
 Metaspace       used 43318K, capacity 46931K, committed 47232K, reserved 1089536K
  class space    used 5891K, capacity 6953K, committed 7040K, reserved 1048576K
Event: 8.696 GC heap after
Heap after GC invocations=12 (full 2):
 PSYoungGen      total 235008K, used 25088K [0x00000000eab00000, 0x00000000fbf00000, 0x0000000100000000)
  eden space 209920K, 0% used [0x00000000eab00000,0x00000000eab00000,0x00000000f7800000)
  from space 25088K, 100% used [0x00000000f9700000,0x00000000faf80000,0x00000000faf80000)
  to   space 31744K, 0% used [0x00000000f7800000,0x00000000f7800000,0x00000000f9700000)
 ParOldGen       total 122368K, used 34006K [0x00000000c0000000, 0x00000000c7780000, 0x00000000eab00000)
  object space 122368K, 27% used [0x00000000c0000000,0x00000000c21358f0,0x00000000c7780000)
 Metaspace       used 43318K, capacity 46931K, committed 47232K, reserved 1089536K
  class space    used 5891K, capacity 6953K, committed 7040K, reserved 1048576K
}
Event: 10.295 GC heap before
{Heap before GC invocations=13 (full 2):
 PSYoungGen      total 235008K, used 235008K [0x00000000eab00000, 0x00000000fbf00000, 0x0000000100000000)
  eden space 209920K, 100% used [0x00000000eab00000,0x00000000f7800000,0x00000000f7800000)
  from space 25088K, 100% used [0x00000000f9700000,0x00000000faf80000,0x00000000faf80000)
  to   space 31744K, 0% used [0x00000000f7800000,0x00000000f7800000,0x00000000f9700000)
 ParOldGen       total 122368K, used 34006K [0x00000000c0000000, 0x00000000c7780000, 0x00000000eab00000)
  object space 122368K, 27% used [0x00000000c0000000,0x00000000c21358f0,0x00000000c7780000)
 Metaspace       used 46466K, capacity 50641K, committed 50816K, reserved 1091584K
  class space    used 6437K, capacity 7681K, committed 7808K, reserved 1048576K
Event: 10.325 GC heap after
Heap after GC invocations=13 (full 2):
 PSYoungGen      total 241664K, used 31729K [0x00000000eab00000, 0x00000000ff900000, 0x0000000100000000)
  eden space 209920K, 0% used [0x00000000eab00000,0x00000000eab00000,0x00000000f7800000)
  from space 31744K, 99% used [0x00000000f7800000,0x00000000f96fc558,0x00000000f9700000)
  to   space 43008K, 0% used [0x00000000fcf00000,0x00000000fcf00000,0x00000000ff900000)
 ParOldGen       total 122368K, used 49948K [0x00000000c0000000, 0x00000000c7780000, 0x00000000eab00000)
  object space 122368K, 40% used [0x00000000c0000000,0x00000000c30c7008,0x00000000c7780000)
 Metaspace       used 46466K, capacity 50641K, committed 50816K, reserved 1091584K
  class space    used 6437K, capacity 7681K, committed 7808K, reserved 1048576K
}

