# JRE version: Java(TM) SE Runtime Environment (8.0_25-b18) (build 1.8.0_25-b18)
# Java VM: Java HotSpot(TM) 64-Bit Server VM (25.25-b02 mixed mode windows-amd64 compressed oops)
Heap:
 PSYoungGen      total 229376K, used 37671K [0x00000000eab00000, 0x00000000fcd00000, 0x0000000100000000)
  eden space 195584K, 1% used [0x00000000eab00000,0x00000000eaecfce8,0x00000000f6a00000)
  from space 33792K, 99% used [0x00000000f9480000,0x00000000fb57a1e0,0x00000000fb580000)
  to   space 43520K, 0% used [0x00000000f6a00000,0x00000000f6a00000,0x00000000f9480000)
 ParOldGen       total 123392K, used 52223K [0x00000000c0000000, 0x00000000c7880000, 0x00000000eab00000)
  object space 123392K, 42% used [0x00000000c0000000,0x00000000c32ffe18,0x00000000c7880000)
 Metaspace       used 47922K, capacity 52213K, committed 52480K, reserved 1093632K
  class space    used 6641K, capacity 7903K, committed 7936K, reserved 1048576K
GC Heap History (10 events):
Event: 5.490 GC heap before
{Heap before GC invocations=12 (full 2):
 PSYoungGen      total 156160K, used 13808K [0x00000000eab00000, 0x00000000f6300000, 0x0000000100000000)
  eden space 142336K, 0% used [0x00000000eab00000,0x00000000eab00000,0x00000000f3600000)
  from space 13824K, 99% used [0x00000000f4880000,0x00000000f55fc0b0,0x00000000f5600000)
  to   space 18944K, 0% used [0x00000000f3600000,0x00000000f3600000,0x00000000f4880000)
 ParOldGen       total 66048K, used 19645K [0x00000000c0000000, 0x00000000c4080000, 0x00000000eab00000)
  object space 66048K, 29% used [0x00000000c0000000,0x00000000c132f528,0x00000000c4080000)
 Metaspace       used 34199K, capacity 35434K, committed 35456K, reserved 1079296K
  class space    used 4504K, capacity 4971K, committed 4992K, reserved 1048576K
Event: 5.603 GC heap after
Heap after GC invocations=12 (full 2):
 PSYoungGen      total 156160K, used 0K [0x00000000eab00000, 0x00000000f6300000, 0x0000000100000000)
  eden space 142336K, 0% used [0x00000000eab00000,0x00000000eab00000,0x00000000f3600000)
  from space 13824K, 0% used [0x00000000f4880000,0x00000000f4880000,0x00000000f5600000)
  to   space 18944K, 0% used [0x00000000f3600000,0x00000000f3600000,0x00000000f4880000)
 ParOldGen       total 123392K, used 28305K [0x00000000c0000000, 0x00000000c7880000, 0x00000000eab00000)
  object space 123392K, 22% used [0x00000000c0000000,0x00000000c1ba4420,0x00000000c7880000)
 Metaspace       used 34199K, capacity 35434K, committed 35456K, reserved 1079296K
  class space    used 4504K, capacity 4971K, committed 4992K, reserved 1048576K
}
Event: 6.822 GC heap before
{Heap before GC invocations=13 (full 2):
 PSYoungGen      total 156160K, used 142336K [0x00000000eab00000, 0x00000000f6300000, 0x0000000100000000)
  eden space 142336K, 100% used [0x00000000eab00000,0x00000000f3600000,0x00000000f3600000)
  from space 13824K, 0% used [0x00000000f4880000,0x00000000f4880000,0x00000000f5600000)
  to   space 18944K, 0% used [0x00000000f3600000,0x00000000f3600000,0x00000000f4880000)
 ParOldGen       total 123392K, used 28305K [0x00000000c0000000, 0x00000000c7880000, 0x00000000eab00000)
  object space 123392K, 22% used [0x00000000c0000000,0x00000000c1ba4420,0x00000000c7880000)
 Metaspace       used 39569K, capacity 41392K, committed 41472K, reserved 1085440K
  class space    used 5379K, capacity 6077K, committed 6144K, reserved 1048576K
Event: 6.835 GC heap after
Heap after GC invocations=13 (full 2):
 PSYoungGen      total 161280K, used 15449K [0x00000000eab00000, 0x00000000f7b80000, 0x0000000100000000)
  eden space 142336K, 0% used [0x00000000eab00000,0x00000000eab00000,0x00000000f3600000)
  from space 18944K, 81% used [0x00000000f3600000,0x00000000f4516480,0x00000000f4880000)
  to   space 20992K, 0% used [0x00000000f6700000,0x00000000f6700000,0x00000000f7b80000)
 ParOldGen       total 123392K, used 28313K [0x00000000c0000000, 0x00000000c7880000, 0x00000000eab00000)
  object space 123392K, 22% used [0x00000000c0000000,0x00000000c1ba6420,0x00000000c7880000)
 Metaspace       used 39569K, capacity 41392K, committed 41472K, reserved 1085440K
  class space    used 5379K, capacity 6077K, committed 6144K, reserved 1048576K
}
Event: 8.017 GC heap before
{Heap before GC invocations=14 (full 2):
 PSYoungGen      total 161280K, used 157785K [0x00000000eab00000, 0x00000000f7b80000, 0x0000000100000000)
  eden space 142336K, 100% used [0x00000000eab00000,0x00000000f3600000,0x00000000f3600000)
  from space 18944K, 81% used [0x00000000f3600000,0x00000000f4516480,0x00000000f4880000)
  to   space 20992K, 0% used [0x00000000f6700000,0x00000000f6700000,0x00000000f7b80000)
 ParOldGen       total 123392K, used 28313K [0x00000000c0000000, 0x00000000c7880000, 0x00000000eab00000)
  object space 123392K, 22% used [0x00000000c0000000,0x00000000c1ba6420,0x00000000c7880000)
 Metaspace       used 42684K, capacity 45977K, committed 46080K, reserved 1089536K
  class space    used 5846K, capacity 6841K, committed 6912K, reserved 1048576K
Event: 8.042 GC heap after
Heap after GC invocations=14 (full 2):
 PSYoungGen      total 186880K, used 20979K [0x00000000eab00000, 0x00000000f8880000, 0x0000000100000000)
  eden space 165888K, 0% used [0x00000000eab00000,0x00000000eab00000,0x00000000f4d00000)
  from space 20992K, 99% used [0x00000000f6700000,0x00000000f7b7cc48,0x00000000f7b80000)
  to   space 26624K, 0% used [0x00000000f4d00000,0x00000000f4d00000,0x00000000f6700000)
 ParOldGen       total 123392K, used 34636K [0x00000000c0000000, 0x00000000c7880000, 0x00000000eab00000)
  object space 123392K, 28% used [0x00000000c0000000,0x00000000c21d3088,0x00000000c7880000)
 Metaspace       used 42684K, capacity 45977K, committed 46080K, reserved 1089536K
  class space    used 5846K, capacity 6841K, committed 6912K, reserved 1048576K
}
Event: 9.040 GC heap before
{Heap before GC invocations=15 (full 2):
 PSYoungGen      total 186880K, used 186867K [0x00000000eab00000, 0x00000000f8880000, 0x0000000100000000)
  eden space 165888K, 100% used [0x00000000eab00000,0x00000000f4d00000,0x00000000f4d00000)
  from space 20992K, 99% used [0x00000000f6700000,0x00000000f7b7cc48,0x00000000f7b80000)
  to   space 26624K, 0% used [0x00000000f4d00000,0x00000000f4d00000,0x00000000f6700000)
 ParOldGen       total 123392K, used 34636K [0x00000000c0000000, 0x00000000c7880000, 0x00000000eab00000)
  object space 123392K, 28% used [0x00000000c0000000,0x00000000c21d3088,0x00000000c7880000)
 Metaspace       used 45309K, capacity 49175K, committed 49536K, reserved 1091584K
  class space    used 6236K, capacity 7445K, committed 7552K, reserved 1048576K
Event: 9.065 GC heap after
Heap after GC invocations=15 (full 2):
 PSYoungGen      total 192512K, used 26624K [0x00000000eab00000, 0x00000000fb580000, 0x0000000100000000)
  eden space 165888K, 0% used [0x00000000eab00000,0x00000000eab00000,0x00000000f4d00000)
  from space 26624K, 100% used [0x00000000f4d00000,0x00000000f6700000,0x00000000f6700000)
  to   space 33792K, 0% used [0x00000000f9480000,0x00000000f9480000,0x00000000fb580000)
 ParOldGen       total 123392K, used 40943K [0x00000000c0000000, 0x00000000c7880000, 0x00000000eab00000)
  object space 123392K, 33% used [0x00000000c0000000,0x00000000c27fbf98,0x00000000c7880000)
 Metaspace       used 45309K, capacity 49175K, committed 49536K, reserved 1091584K
  class space    used 6236K, capacity 7445K, committed 7552K, reserved 1048576K
}
Event: 10.158 GC heap before
{Heap before GC invocations=16 (full 2):
 PSYoungGen      total 192512K, used 192512K [0x00000000eab00000, 0x00000000fb580000, 0x0000000100000000)
  eden space 165888K, 100% used [0x00000000eab00000,0x00000000f4d00000,0x00000000f4d00000)
  from space 26624K, 100% used [0x00000000f4d00000,0x00000000f6700000,0x00000000f6700000)
  to   space 33792K, 0% used [0x00000000f9480000,0x00000000f9480000,0x00000000fb580000)
 ParOldGen       total 123392K, used 40943K [0x00000000c0000000, 0x00000000c7880000, 0x00000000eab00000)
  object space 123392K, 33% used [0x00000000c0000000,0x00000000c27fbf98,0x00000000c7880000)
 Metaspace       used 47531K, capacity 51797K, committed 51968K, reserved 1093632K
  class space    used 6603K, capacity 7871K, committed 7936K, reserved 1048576K
Event: 10.195 GC heap after
Heap after GC invocations=16 (full 2):
 PSYoungGen      total 229376K, used 33768K [0x00000000eab00000, 0x00000000fcd00000, 0x0000000100000000)
  eden space 195584K, 0% used [0x00000000eab00000,0x00000000eab00000,0x00000000f6a00000)
  from space 33792K, 99% used [0x00000000f9480000,0x00000000fb57a1e0,0x00000000fb580000)
  to   space 43520K, 0% used [0x00000000f6a00000,0x00000000f6a00000,0x00000000f9480000)
 ParOldGen       total 123392K, used 52223K [0x00000000c0000000, 0x00000000c7880000, 0x00000000eab00000)
  object space 123392K, 42% used [0x00000000c0000000,0x00000000c32ffe18,0x00000000c7880000)
 Metaspace       used 47531K, capacity 51797K, committed 51968K, reserved 1093632K
  class space    used 6603K, capacity 7871K, committed 7936K, reserved 1048576K
}

