# JRE version: Java(TM) SE Runtime Environment (8.0_25-b18) (build 1.8.0_25-b18)
# Java VM: Java HotSpot(TM) 64-Bit Server VM (25.25-b02 mixed mode windows-amd64 compressed oops)
Heap:
 PSYoungGen      total 233472K, used 187133K [0x00000000eab00000, 0x00000000fb100000, 0x0000000100000000)
  eden space 206336K, 78% used [0x00000000eab00000,0x00000000f4a14e28,0x00000000f7480000)
  from space 27136K, 89% used [0x00000000f9280000,0x00000000faa2a680,0x00000000fad00000)
  to   space 30720K, 0% used [0x00000000f7480000,0x00000000f7480000,0x00000000f9280000)
 ParOldGen       total 104448K, used 41152K [0x00000000c0000000, 0x00000000c6600000, 0x00000000eab00000)
  object space 104448K, 39% used [0x00000000c0000000,0x00000000c2830058,0x00000000c6600000)
 Metaspace       used 47939K, capacity 52235K, committed 52480K, reserved 1093632K
  class space    used 6643K, capacity 7909K, committed 7936K, reserved 1048576K
GC Heap History (10 events):
Event: 5.630 GC heap before
{Heap before GC invocations=14 (full 1):
 PSYoungGen      total 136192K, used 42131K [0x00000000eab00000, 0x00000000f4800000, 0x0000000100000000)
  eden space 123392K, 23% used [0x00000000eab00000,0x00000000ec7acee8,0x00000000f2380000)
  from space 12800K, 99% used [0x00000000f3400000,0x00000000f4078030,0x00000000f4080000)
  to   space 16896K, 0% used [0x00000000f2380000,0x00000000f2380000,0x00000000f3400000)
 ParOldGen       total 62464K, used 15650K [0x00000000c0000000, 0x00000000c3d00000, 0x00000000eab00000)
  object space 62464K, 25% used [0x00000000c0000000,0x00000000c0f48b48,0x00000000c3d00000)
 Metaspace       used 34070K, capacity 35376K, committed 35456K, reserved 1079296K
  class space    used 4492K, capacity 4973K, committed 4992K, reserved 1048576K
Event: 5.644 GC heap after
Heap after GC invocations=14 (full 1):
 PSYoungGen      total 140288K, used 16206K [0x00000000eab00000, 0x00000000f7780000, 0x0000000100000000)
  eden space 123392K, 0% used [0x00000000eab00000,0x00000000eab00000,0x00000000f2380000)
  from space 16896K, 95% used [0x00000000f2380000,0x00000000f3353b00,0x00000000f3400000)
  to   space 19456K, 0% used [0x00000000f6480000,0x00000000f6480000,0x00000000f7780000)
 ParOldGen       total 62464K, used 16090K [0x00000000c0000000, 0x00000000c3d00000, 0x00000000eab00000)
  object space 62464K, 25% used [0x00000000c0000000,0x00000000c0fb6b48,0x00000000c3d00000)
 Metaspace       used 34070K, capacity 35376K, committed 35456K, reserved 1079296K
  class space    used 4492K, capacity 4973K, committed 4992K, reserved 1048576K
}
Event: 5.644 GC heap before
{Heap before GC invocations=15 (full 2):
 PSYoungGen      total 140288K, used 16206K [0x00000000eab00000, 0x00000000f7780000, 0x0000000100000000)
  eden space 123392K, 0% used [0x00000000eab00000,0x00000000eab00000,0x00000000f2380000)
  from space 16896K, 95% used [0x00000000f2380000,0x00000000f3353b00,0x00000000f3400000)
  to   space 19456K, 0% used [0x00000000f6480000,0x00000000f6480000,0x00000000f7780000)
 ParOldGen       total 62464K, used 16090K [0x00000000c0000000, 0x00000000c3d00000, 0x00000000eab00000)
  object space 62464K, 25% used [0x00000000c0000000,0x00000000c0fb6b48,0x00000000c3d00000)
 Metaspace       used 34070K, capacity 35376K, committed 35456K, reserved 1079296K
  class space    used 4492K, capacity 4973K, committed 4992K, reserved 1048576K
Event: 5.740 GC heap after
Heap after GC invocations=15 (full 2):
 PSYoungGen      total 140288K, used 0K [0x00000000eab00000, 0x00000000f7780000, 0x0000000100000000)
  eden space 123392K, 0% used [0x00000000eab00000,0x00000000eab00000,0x00000000f2380000)
  from space 16896K, 0% used [0x00000000f2380000,0x00000000f2380000,0x00000000f3400000)
  to   space 19456K, 0% used [0x00000000f6480000,0x00000000f6480000,0x00000000f7780000)
 ParOldGen       total 104448K, used 25520K [0x00000000c0000000, 0x00000000c6600000, 0x00000000eab00000)
  object space 104448K, 24% used [0x00000000c0000000,0x00000000c18ec398,0x00000000c6600000)
 Metaspace       used 34070K, capacity 35376K, committed 35456K, reserved 1079296K
  class space    used 4492K, capacity 4973K, committed 4992K, reserved 1048576K
}
Event: 6.617 GC heap before
{Heap before GC invocations=16 (full 2):
 PSYoungGen      total 140288K, used 123392K [0x00000000eab00000, 0x00000000f7780000, 0x0000000100000000)
  eden space 123392K, 100% used [0x00000000eab00000,0x00000000f2380000,0x00000000f2380000)
  from space 16896K, 0% used [0x00000000f2380000,0x00000000f2380000,0x00000000f3400000)
  to   space 19456K, 0% used [0x00000000f6480000,0x00000000f6480000,0x00000000f7780000)
 ParOldGen       total 104448K, used 25520K [0x00000000c0000000, 0x00000000c6600000, 0x00000000eab00000)
  object space 104448K, 24% used [0x00000000c0000000,0x00000000c18ec398,0x00000000c6600000)
 Metaspace       used 38212K, capacity 39962K, committed 40192K, reserved 1083392K
  class space    used 5175K, capacity 5798K, committed 5888K, reserved 1048576K
Event: 6.635 GC heap after
Heap after GC invocations=16 (full 2):
 PSYoungGen      total 176640K, used 13640K [0x00000000eab00000, 0x00000000f7280000, 0x0000000100000000)
  eden space 162304K, 0% used [0x00000000eab00000,0x00000000eab00000,0x00000000f4980000)
  from space 14336K, 95% used [0x00000000f6480000,0x00000000f71d23c8,0x00000000f7280000)
  to   space 20992K, 0% used [0x00000000f4980000,0x00000000f4980000,0x00000000f5e00000)
 ParOldGen       total 104448K, used 25528K [0x00000000c0000000, 0x00000000c6600000, 0x00000000eab00000)
  object space 104448K, 24% used [0x00000000c0000000,0x00000000c18ee398,0x00000000c6600000)
 Metaspace       used 38212K, capacity 39962K, committed 40192K, reserved 1083392K
  class space    used 5175K, capacity 5798K, committed 5888K, reserved 1048576K
}
Event: 8.509 GC heap before
{Heap before GC invocations=17 (full 2):
 PSYoungGen      total 176640K, used 175944K [0x00000000eab00000, 0x00000000f7280000, 0x0000000100000000)
  eden space 162304K, 100% used [0x00000000eab00000,0x00000000f4980000,0x00000000f4980000)
  from space 14336K, 95% used [0x00000000f6480000,0x00000000f71d23c8,0x00000000f7280000)
  to   space 20992K, 0% used [0x00000000f4980000,0x00000000f4980000,0x00000000f5e00000)
 ParOldGen       total 104448K, used 25528K [0x00000000c0000000, 0x00000000c6600000, 0x00000000eab00000)
  object space 104448K, 24% used [0x00000000c0000000,0x00000000c18ee398,0x00000000c6600000)
 Metaspace       used 42775K, capacity 46123K, committed 46336K, reserved 1089536K
  class space    used 5847K, capacity 6847K, committed 6912K, reserved 1048576K
Event: 8.532 GC heap after
Heap after GC invocations=17 (full 2):
 PSYoungGen      total 183296K, used 20979K [0x00000000eab00000, 0x00000000fad00000, 0x0000000100000000)
  eden space 162304K, 0% used [0x00000000eab00000,0x00000000eab00000,0x00000000f4980000)
  from space 20992K, 99% used [0x00000000f4980000,0x00000000f5dfcc48,0x00000000f5e00000)
  to   space 27136K, 0% used [0x00000000f9280000,0x00000000f9280000,0x00000000fad00000)
 ParOldGen       total 104448K, used 32499K [0x00000000c0000000, 0x00000000c6600000, 0x00000000eab00000)
  object space 104448K, 31% used [0x00000000c0000000,0x00000000c1fbcdb0,0x00000000c6600000)
 Metaspace       used 42775K, capacity 46123K, committed 46336K, reserved 1089536K
  class space    used 5847K, capacity 6847K, committed 6912K, reserved 1048576K
}
Event: 10.832 GC heap before
{Heap before GC invocations=18 (full 2):
 PSYoungGen      total 183296K, used 183283K [0x00000000eab00000, 0x00000000fad00000, 0x0000000100000000)
  eden space 162304K, 100% used [0x00000000eab00000,0x00000000f4980000,0x00000000f4980000)
  from space 20992K, 99% used [0x00000000f4980000,0x00000000f5dfcc48,0x00000000f5e00000)
  to   space 27136K, 0% used [0x00000000f9280000,0x00000000f9280000,0x00000000fad00000)
 ParOldGen       total 104448K, used 32499K [0x00000000c0000000, 0x00000000c6600000, 0x00000000eab00000)
  object space 104448K, 31% used [0x00000000c0000000,0x00000000c1fbcdb0,0x00000000c6600000)
 Metaspace       used 45342K, capacity 49239K, committed 49536K, reserved 1091584K
  class space    used 6216K, capacity 7430K, committed 7552K, reserved 1048576K
Event: 10.857 GC heap after
Heap after GC invocations=18 (full 2):
 PSYoungGen      total 233472K, used 24233K [0x00000000eab00000, 0x00000000fb100000, 0x0000000100000000)
  eden space 206336K, 0% used [0x00000000eab00000,0x00000000eab00000,0x00000000f7480000)
  from space 27136K, 89% used [0x00000000f9280000,0x00000000faa2a680,0x00000000fad00000)
  to   space 30720K, 0% used [0x00000000f7480000,0x00000000f7480000,0x00000000f9280000)
 ParOldGen       total 104448K, used 41152K [0x00000000c0000000, 0x00000000c6600000, 0x00000000eab00000)
  object space 104448K, 39% used [0x00000000c0000000,0x00000000c2830058,0x00000000c6600000)
 Metaspace       used 45342K, capacity 49239K, committed 49536K, reserved 1091584K
  class space    used 6216K, capacity 7430K, committed 7552K, reserved 1048576K
}

