# JRE version: Java(TM) SE Runtime Environment (8.0_25-b18) (build 1.8.0_25-b18)
# Java VM: Java HotSpot(TM) 64-Bit Server VM (25.25-b02 mixed mode windows-amd64 compressed oops)
Heap:
 PSYoungGen      total 214016K, used 55566K [0x00000000eab00000, 0x00000000fa880000, 0x0000000100000000)
  eden space 188416K, 15% used [0x00000000eab00000,0x00000000ec849e30,0x00000000f6300000)
  from space 25600K, 99% used [0x00000000f8180000,0x00000000f9a79c20,0x00000000f9a80000)
  to   space 31232K, 0% used [0x00000000f6300000,0x00000000f6300000,0x00000000f8180000)
 ParOldGen       total 117760K, used 56818K [0x00000000c0000000, 0x00000000c7300000, 0x00000000eab00000)
  object space 117760K, 48% used [0x00000000c0000000,0x00000000c377ca90,0x00000000c7300000)
 Metaspace       used 47891K, capacity 52163K, committed 52224K, reserved 1093632K
  class space    used 6637K, capacity 7897K, committed 7936K, reserved 1048576K
GC Heap History (10 events):
Event: 7.792 GC heap before
{Heap before GC invocations=14 (full 2):
 PSYoungGen      total 147968K, used 13311K [0x00000000eab00000, 0x00000000f5680000, 0x0000000100000000)
  eden space 134656K, 0% used [0x00000000eab00000,0x00000000eab00000,0x00000000f2e80000)
  from space 13312K, 99% used [0x00000000f4080000,0x00000000f4d7ff28,0x00000000f4d80000)
  to   space 18432K, 0% used [0x00000000f2e80000,0x00000000f2e80000,0x00000000f4080000)
 ParOldGen       total 64000K, used 18262K [0x00000000c0000000, 0x00000000c3e80000, 0x00000000eab00000)
  object space 64000K, 28% used [0x00000000c0000000,0x00000000c11d5a68,0x00000000c3e80000)
 Metaspace       used 34162K, capacity 35368K, committed 35456K, reserved 1079296K
  class space    used 4503K, capacity 4961K, committed 4992K, reserved 1048576K
Event: 7.907 GC heap after
Heap after GC invocations=14 (full 2):
 PSYoungGen      total 147968K, used 0K [0x00000000eab00000, 0x00000000f5680000, 0x0000000100000000)
  eden space 134656K, 0% used [0x00000000eab00000,0x00000000eab00000,0x00000000f2e80000)
  from space 13312K, 0% used [0x00000000f4080000,0x00000000f4080000,0x00000000f4d80000)
  to   space 18432K, 0% used [0x00000000f2e80000,0x00000000f2e80000,0x00000000f4080000)
 ParOldGen       total 117760K, used 28263K [0x00000000c0000000, 0x00000000c7300000, 0x00000000eab00000)
  object space 117760K, 24% used [0x00000000c0000000,0x00000000c1b99d28,0x00000000c7300000)
 Metaspace       used 34162K, capacity 35368K, committed 35456K, reserved 1079296K
  class space    used 4503K, capacity 4961K, committed 4992K, reserved 1048576K
}
Event: 9.564 GC heap before
{Heap before GC invocations=15 (full 2):
 PSYoungGen      total 147968K, used 134656K [0x00000000eab00000, 0x00000000f5680000, 0x0000000100000000)
  eden space 134656K, 100% used [0x00000000eab00000,0x00000000f2e80000,0x00000000f2e80000)
  from space 13312K, 0% used [0x00000000f4080000,0x00000000f4080000,0x00000000f4d80000)
  to   space 18432K, 0% used [0x00000000f2e80000,0x00000000f2e80000,0x00000000f4080000)
 ParOldGen       total 117760K, used 28263K [0x00000000c0000000, 0x00000000c7300000, 0x00000000eab00000)
  object space 117760K, 24% used [0x00000000c0000000,0x00000000c1b99d28,0x00000000c7300000)
 Metaspace       used 39312K, capacity 41200K, committed 41472K, reserved 1085440K
  class space    used 5340K, capacity 6027K, committed 6144K, reserved 1048576K
Event: 9.577 GC heap after
Heap after GC invocations=15 (full 2):
 PSYoungGen      total 153088K, used 14808K [0x00000000eab00000, 0x00000000f7380000, 0x0000000100000000)
  eden space 134656K, 0% used [0x00000000eab00000,0x00000000eab00000,0x00000000f2e80000)
  from space 18432K, 80% used [0x00000000f2e80000,0x00000000f3cf6178,0x00000000f4080000)
  to   space 20480K, 0% used [0x00000000f5f80000,0x00000000f5f80000,0x00000000f7380000)
 ParOldGen       total 117760K, used 28271K [0x00000000c0000000, 0x00000000c7300000, 0x00000000eab00000)
  object space 117760K, 24% used [0x00000000c0000000,0x00000000c1b9bd28,0x00000000c7300000)
 Metaspace       used 39312K, capacity 41200K, committed 41472K, reserved 1085440K
  class space    used 5340K, capacity 6027K, committed 6144K, reserved 1048576K
}
Event: 11.655 GC heap before
{Heap before GC invocations=16 (full 2):
 PSYoungGen      total 153088K, used 149464K [0x00000000eab00000, 0x00000000f7380000, 0x0000000100000000)
  eden space 134656K, 100% used [0x00000000eab00000,0x00000000f2e80000,0x00000000f2e80000)
  from space 18432K, 80% used [0x00000000f2e80000,0x00000000f3cf6178,0x00000000f4080000)
  to   space 20480K, 0% used [0x00000000f5f80000,0x00000000f5f80000,0x00000000f7380000)
 ParOldGen       total 117760K, used 28271K [0x00000000c0000000, 0x00000000c7300000, 0x00000000eab00000)
  object space 117760K, 24% used [0x00000000c0000000,0x00000000c1b9bd28,0x00000000c7300000)
 Metaspace       used 42435K, capacity 45603K, committed 45696K, reserved 1087488K
  class space    used 5809K, capacity 6756K, committed 6784K, reserved 1048576K
Event: 11.675 GC heap after
Heap after GC invocations=16 (full 2):
 PSYoungGen      total 179200K, used 20467K [0x00000000eab00000, 0x00000000f7e00000, 0x0000000100000000)
  eden space 158720K, 0% used [0x00000000eab00000,0x00000000eab00000,0x00000000f4600000)
  from space 20480K, 99% used [0x00000000f5f80000,0x00000000f737cc48,0x00000000f7380000)
  to   space 26112K, 0% used [0x00000000f4600000,0x00000000f4600000,0x00000000f5f80000)
 ParOldGen       total 117760K, used 34131K [0x00000000c0000000, 0x00000000c7300000, 0x00000000eab00000)
  object space 117760K, 28% used [0x00000000c0000000,0x00000000c2154c98,0x00000000c7300000)
 Metaspace       used 42435K, capacity 45603K, committed 45696K, reserved 1087488K
  class space    used 5809K, capacity 6756K, committed 6784K, reserved 1048576K
}
Event: 14.191 GC heap before
{Heap before GC invocations=17 (full 2):
 PSYoungGen      total 179200K, used 179187K [0x00000000eab00000, 0x00000000f7e00000, 0x0000000100000000)
  eden space 158720K, 100% used [0x00000000eab00000,0x00000000f4600000,0x00000000f4600000)
  from space 20480K, 99% used [0x00000000f5f80000,0x00000000f737cc48,0x00000000f7380000)
  to   space 26112K, 0% used [0x00000000f4600000,0x00000000f4600000,0x00000000f5f80000)
 ParOldGen       total 117760K, used 34131K [0x00000000c0000000, 0x00000000c7300000, 0x00000000eab00000)
  object space 117760K, 28% used [0x00000000c0000000,0x00000000c2154c98,0x00000000c7300000)
 Metaspace       used 45035K, capacity 48925K, committed 49152K, reserved 1091584K
  class space    used 6182K, capacity 7381K, committed 7424K, reserved 1048576K
Event: 14.219 GC heap after
Heap after GC invocations=17 (full 2):
 PSYoungGen      total 184832K, used 12684K [0x00000000eab00000, 0x00000000f9a80000, 0x0000000100000000)
  eden space 158720K, 0% used [0x00000000eab00000,0x00000000eab00000,0x00000000f4600000)
  from space 26112K, 48% used [0x00000000f4600000,0x00000000f5263060,0x00000000f5f80000)
  to   space 25600K, 0% used [0x00000000f8180000,0x00000000f8180000,0x00000000f9a80000)
 ParOldGen       total 117760K, used 54556K [0x00000000c0000000, 0x00000000c7300000, 0x00000000eab00000)
  object space 117760K, 46% used [0x00000000c0000000,0x00000000c3547368,0x00000000c7300000)
 Metaspace       used 45035K, capacity 48925K, committed 49152K, reserved 1091584K
  class space    used 6182K, capacity 7381K, committed 7424K, reserved 1048576K
}
Event: 15.544 GC heap before
{Heap before GC invocations=18 (full 2):
 PSYoungGen      total 184832K, used 171404K [0x00000000eab00000, 0x00000000f9a80000, 0x0000000100000000)
  eden space 158720K, 100% used [0x00000000eab00000,0x00000000f4600000,0x00000000f4600000)
  from space 26112K, 48% used [0x00000000f4600000,0x00000000f5263060,0x00000000f5f80000)
  to   space 25600K, 0% used [0x00000000f8180000,0x00000000f8180000,0x00000000f9a80000)
 ParOldGen       total 117760K, used 54556K [0x00000000c0000000, 0x00000000c7300000, 0x00000000eab00000)
  object space 117760K, 46% used [0x00000000c0000000,0x00000000c3547368,0x00000000c7300000)
 Metaspace       used 46407K, capacity 50553K, committed 50688K, reserved 1091584K
  class space    used 6434K, capacity 7679K, committed 7680K, reserved 1048576K
Event: 15.564 GC heap after
Heap after GC invocations=18 (full 2):
 PSYoungGen      total 214016K, used 25575K [0x00000000eab00000, 0x00000000fa880000, 0x0000000100000000)
  eden space 188416K, 0% used [0x00000000eab00000,0x00000000eab00000,0x00000000f6300000)
  from space 25600K, 99% used [0x00000000f8180000,0x00000000f9a79c20,0x00000000f9a80000)
  to   space 31232K, 0% used [0x00000000f6300000,0x00000000f6300000,0x00000000f8180000)
 ParOldGen       total 117760K, used 56818K [0x00000000c0000000, 0x00000000c7300000, 0x00000000eab00000)
  object space 117760K, 48% used [0x00000000c0000000,0x00000000c377ca90,0x00000000c7300000)
 Metaspace       used 46407K, capacity 50553K, committed 50688K, reserved 1091584K
  class space    used 6434K, capacity 7679K, committed 7680K, reserved 1048576K
}

