# JRE version: Java(TM) SE Runtime Environment (8.0_25-b18) (build 1.8.0_25-b18)
# Java VM: Java HotSpot(TM) 64-Bit Server VM (25.25-b02 mixed mode windows-amd64 compressed oops)
Heap:
 PSYoungGen      total 223232K, used 117659K [0x00000000eab00000, 0x00000000fea80000, 0x0000000100000000)
  eden space 194560K, 45% used [0x00000000eab00000,0x00000000f01e7b40,0x00000000f6900000)
  from space 28672K, 99% used [0x00000000f6900000,0x00000000f84ff408,0x00000000f8500000)
  to   space 36864K, 0% used [0x00000000fc680000,0x00000000fc680000,0x00000000fea80000)
 ParOldGen       total 120320K, used 45164K [0x00000000c0000000, 0x00000000c7580000, 0x00000000eab00000)
  object space 120320K, 37% used [0x00000000c0000000,0x00000000c2c1b3a0,0x00000000c7580000)
 Metaspace       used 47852K, capacity 52123K, committed 52224K, reserved 1093632K
  class space    used 6633K, capacity 7891K, committed 7936K, reserved 1048576K
GC Heap History (10 events):
Event: 4.900 GC heap before
{Heap before GC invocations=11 (full 1):
 PSYoungGen      total 144896K, used 96985K [0x00000000eab00000, 0x00000000f6980000, 0x0000000100000000)
  eden space 134144K, 64% used [0x00000000eab00000,0x00000000eff36a58,0x00000000f2e00000)
  from space 10752K, 99% used [0x00000000f2e00000,0x00000000f387fc90,0x00000000f3880000)
  to   space 14336K, 0% used [0x00000000f5b80000,0x00000000f5b80000,0x00000000f6980000)
 ParOldGen       total 64512K, used 12055K [0x00000000c0000000, 0x00000000c3f00000, 0x00000000eab00000)
  object space 64512K, 18% used [0x00000000c0000000,0x00000000c0bc5e48,0x00000000c3f00000)
 Metaspace       used 34184K, capacity 35422K, committed 35456K, reserved 1079296K
  class space    used 4505K, capacity 4970K, committed 4992K, reserved 1048576K
Event: 4.916 GC heap after
Heap after GC invocations=11 (full 1):
 PSYoungGen      total 175616K, used 14304K [0x00000000eab00000, 0x00000000f7780000, 0x0000000100000000)
  eden space 161280K, 0% used [0x00000000eab00000,0x00000000eab00000,0x00000000f4880000)
  from space 14336K, 99% used [0x00000000f5b80000,0x00000000f6978100,0x00000000f6980000)
  to   space 19456K, 0% used [0x00000000f4880000,0x00000000f4880000,0x00000000f5b80000)
 ParOldGen       total 64512K, used 19557K [0x00000000c0000000, 0x00000000c3f00000, 0x00000000eab00000)
  object space 64512K, 30% used [0x00000000c0000000,0x00000000c1319508,0x00000000c3f00000)
 Metaspace       used 34184K, capacity 35422K, committed 35456K, reserved 1079296K
  class space    used 4505K, capacity 4970K, committed 4992K, reserved 1048576K
}
Event: 4.916 GC heap before
{Heap before GC invocations=12 (full 2):
 PSYoungGen      total 175616K, used 14304K [0x00000000eab00000, 0x00000000f7780000, 0x0000000100000000)
  eden space 161280K, 0% used [0x00000000eab00000,0x00000000eab00000,0x00000000f4880000)
  from space 14336K, 99% used [0x00000000f5b80000,0x00000000f6978100,0x00000000f6980000)
  to   space 19456K, 0% used [0x00000000f4880000,0x00000000f4880000,0x00000000f5b80000)
 ParOldGen       total 64512K, used 19557K [0x00000000c0000000, 0x00000000c3f00000, 0x00000000eab00000)
  object space 64512K, 30% used [0x00000000c0000000,0x00000000c1319508,0x00000000c3f00000)
 Metaspace       used 34184K, capacity 35422K, committed 35456K, reserved 1079296K
  class space    used 4505K, capacity 4970K, committed 4992K, reserved 1048576K
Event: 5.006 GC heap after
Heap after GC invocations=12 (full 2):
 PSYoungGen      total 175616K, used 0K [0x00000000eab00000, 0x00000000f7780000, 0x0000000100000000)
  eden space 161280K, 0% used [0x00000000eab00000,0x00000000eab00000,0x00000000f4880000)
  from space 14336K, 0% used [0x00000000f5b80000,0x00000000f5b80000,0x00000000f6980000)
  to   space 19456K, 0% used [0x00000000f4880000,0x00000000f4880000,0x00000000f5b80000)
 ParOldGen       total 120320K, used 27891K [0x00000000c0000000, 0x00000000c7580000, 0x00000000eab00000)
  object space 120320K, 23% used [0x00000000c0000000,0x00000000c1b3cd18,0x00000000c7580000)
 Metaspace       used 34184K, capacity 35422K, committed 35456K, reserved 1079296K
  class space    used 4505K, capacity 4970K, committed 4992K, reserved 1048576K
}
Event: 6.339 GC heap before
{Heap before GC invocations=13 (full 2):
 PSYoungGen      total 175616K, used 161280K [0x00000000eab00000, 0x00000000f7780000, 0x0000000100000000)
  eden space 161280K, 100% used [0x00000000eab00000,0x00000000f4880000,0x00000000f4880000)
  from space 14336K, 0% used [0x00000000f5b80000,0x00000000f5b80000,0x00000000f6980000)
  to   space 19456K, 0% used [0x00000000f4880000,0x00000000f4880000,0x00000000f5b80000)
 ParOldGen       total 120320K, used 27891K [0x00000000c0000000, 0x00000000c7580000, 0x00000000eab00000)
  object space 120320K, 23% used [0x00000000c0000000,0x00000000c1b3cd18,0x00000000c7580000)
 Metaspace       used 40170K, capacity 41996K, committed 42112K, reserved 1085440K
  class space    used 5481K, capacity 6195K, committed 6272K, reserved 1048576K
Event: 6.374 GC heap after
Heap after GC invocations=13 (full 2):
 PSYoungGen      total 180736K, used 17557K [0x00000000eab00000, 0x00000000f9a80000, 0x0000000100000000)
  eden space 161280K, 0% used [0x00000000eab00000,0x00000000eab00000,0x00000000f4880000)
  from space 19456K, 90% used [0x00000000f4880000,0x00000000f59a5548,0x00000000f5b80000)
  to   space 22016K, 0% used [0x00000000f8500000,0x00000000f8500000,0x00000000f9a80000)
 ParOldGen       total 120320K, used 27899K [0x00000000c0000000, 0x00000000c7580000, 0x00000000eab00000)
  object space 120320K, 23% used [0x00000000c0000000,0x00000000c1b3ed18,0x00000000c7580000)
 Metaspace       used 40170K, capacity 41996K, committed 42112K, reserved 1085440K
  class space    used 5481K, capacity 6195K, committed 6272K, reserved 1048576K
}
Event: 8.787 GC heap before
{Heap before GC invocations=14 (full 2):
 PSYoungGen      total 180736K, used 178837K [0x00000000eab00000, 0x00000000f9a80000, 0x0000000100000000)
  eden space 161280K, 100% used [0x00000000eab00000,0x00000000f4880000,0x00000000f4880000)
  from space 19456K, 90% used [0x00000000f4880000,0x00000000f59a5548,0x00000000f5b80000)
  to   space 22016K, 0% used [0x00000000f8500000,0x00000000f8500000,0x00000000f9a80000)
 ParOldGen       total 120320K, used 27899K [0x00000000c0000000, 0x00000000c7580000, 0x00000000eab00000)
  object space 120320K, 23% used [0x00000000c0000000,0x00000000c1b3ed18,0x00000000c7580000)
 Metaspace       used 43018K, capacity 46463K, committed 46720K, reserved 1089536K
  class space    used 5870K, capacity 6949K, committed 7040K, reserved 1048576K
Event: 8.857 GC heap after
Heap after GC invocations=14 (full 2):
 PSYoungGen      total 216576K, used 22003K [0x00000000eab00000, 0x00000000fac00000, 0x0000000100000000)
  eden space 194560K, 0% used [0x00000000eab00000,0x00000000eab00000,0x00000000f6900000)
  from space 22016K, 99% used [0x00000000f8500000,0x00000000f9a7cc48,0x00000000f9a80000)
  to   space 28672K, 0% used [0x00000000f6900000,0x00000000f6900000,0x00000000f8500000)
 ParOldGen       total 120320K, used 35920K [0x00000000c0000000, 0x00000000c7580000, 0x00000000eab00000)
  object space 120320K, 29% used [0x00000000c0000000,0x00000000c2314140,0x00000000c7580000)
 Metaspace       used 43018K, capacity 46463K, committed 46720K, reserved 1089536K
  class space    used 5870K, capacity 6949K, committed 7040K, reserved 1048576K
}
Event: 10.231 GC heap before
{Heap before GC invocations=15 (full 2):
 PSYoungGen      total 216576K, used 216563K [0x00000000eab00000, 0x00000000fac00000, 0x0000000100000000)
  eden space 194560K, 100% used [0x00000000eab00000,0x00000000f6900000,0x00000000f6900000)
  from space 22016K, 99% used [0x00000000f8500000,0x00000000f9a7cc48,0x00000000f9a80000)
  to   space 28672K, 0% used [0x00000000f6900000,0x00000000f6900000,0x00000000f8500000)
 ParOldGen       total 120320K, used 35920K [0x00000000c0000000, 0x00000000c7580000, 0x00000000eab00000)
  object space 120320K, 29% used [0x00000000c0000000,0x00000000c2314140,0x00000000c7580000)
 Metaspace       used 46316K, capacity 50437K, committed 50688K, reserved 1091584K
  class space    used 6422K, capacity 7661K, committed 7680K, reserved 1048576K
Event: 10.280 GC heap after
Heap after GC invocations=15 (full 2):
 PSYoungGen      total 223232K, used 28669K [0x00000000eab00000, 0x00000000fea80000, 0x0000000100000000)
  eden space 194560K, 0% used [0x00000000eab00000,0x00000000eab00000,0x00000000f6900000)
  from space 28672K, 99% used [0x00000000f6900000,0x00000000f84ff408,0x00000000f8500000)
  to   space 36864K, 0% used [0x00000000fc680000,0x00000000fc680000,0x00000000fea80000)
 ParOldGen       total 120320K, used 45164K [0x00000000c0000000, 0x00000000c7580000, 0x00000000eab00000)
  object space 120320K, 37% used [0x00000000c0000000,0x00000000c2c1b3a0,0x00000000c7580000)
 Metaspace       used 46316K, capacity 50437K, committed 50688K, reserved 1091584K
  class space    used 6422K, capacity 7661K, committed 7680K, reserved 1048576K
}

