# JRE version: Java(TM) SE Runtime Environment (8.0_25-b18) (build 1.8.0_25-b18)
# Java VM: Java HotSpot(TM) 64-Bit Server VM (25.25-b02 mixed mode windows-amd64 compressed oops)
Heap:
 PSYoungGen      total 203776K, used 169880K [0x00000000eab00000, 0x00000000fc400000, 0x0000000100000000)
  eden space 176128K, 80% used [0x00000000eab00000,0x00000000f35e7d90,0x00000000f5700000)
  from space 27648K, 99% used [0x00000000f5700000,0x00000000f71fe428,0x00000000f7200000)
  to   space 34816K, 0% used [0x00000000fa200000,0x00000000fa200000,0x00000000fc400000)
 ParOldGen       total 121856K, used 42291K [0x00000000c0000000, 0x00000000c7700000, 0x00000000eab00000)
  object space 121856K, 34% used [0x00000000c0000000,0x00000000c294cd28,0x00000000c7700000)
 Metaspace       used 47907K, capacity 52163K, committed 52224K, reserved 1093632K
  class space    used 6632K, capacity 7896K, committed 7936K, reserved 1048576K
GC Heap History (10 events):
Event: 5.239 GC heap before
{Heap before GC invocations=11 (full 1):
 PSYoungGen      total 138240K, used 107313K [0x00000000eab00000, 0x00000000f5e00000, 0x0000000100000000)
  eden space 127488K, 75% used [0x00000000eab00000,0x00000000f0952d80,0x00000000f2780000)
  from space 10752K, 99% used [0x00000000f2780000,0x00000000f31f9818,0x00000000f3200000)
  to   space 13824K, 0% used [0x00000000f5080000,0x00000000f5080000,0x00000000f5e00000)
 ParOldGen       total 64512K, used 11146K [0x00000000c0000000, 0x00000000c3f00000, 0x00000000eab00000)
  object space 64512K, 17% used [0x00000000c0000000,0x00000000c0ae2928,0x00000000c3f00000)
 Metaspace       used 34161K, capacity 35374K, committed 35456K, reserved 1079296K
  class space    used 4498K, capacity 4962K, committed 4992K, reserved 1048576K
Event: 5.257 GC heap after
Heap after GC invocations=11 (full 1):
 PSYoungGen      total 163840K, used 13800K [0x00000000eab00000, 0x00000000f6c80000, 0x0000000100000000)
  eden space 150016K, 0% used [0x00000000eab00000,0x00000000eab00000,0x00000000f3d80000)
  from space 13824K, 99% used [0x00000000f5080000,0x00000000f5dfa070,0x00000000f5e00000)
  to   space 19456K, 0% used [0x00000000f3d80000,0x00000000f3d80000,0x00000000f5080000)
 ParOldGen       total 64512K, used 19563K [0x00000000c0000000, 0x00000000c3f00000, 0x00000000eab00000)
  object space 64512K, 30% used [0x00000000c0000000,0x00000000c131af90,0x00000000c3f00000)
 Metaspace       used 34161K, capacity 35374K, committed 35456K, reserved 1079296K
  class space    used 4498K, capacity 4962K, committed 4992K, reserved 1048576K
}
Event: 5.257 GC heap before
{Heap before GC invocations=12 (full 2):
 PSYoungGen      total 163840K, used 13800K [0x00000000eab00000, 0x00000000f6c80000, 0x0000000100000000)
  eden space 150016K, 0% used [0x00000000eab00000,0x00000000eab00000,0x00000000f3d80000)
  from space 13824K, 99% used [0x00000000f5080000,0x00000000f5dfa070,0x00000000f5e00000)
  to   space 19456K, 0% used [0x00000000f3d80000,0x00000000f3d80000,0x00000000f5080000)
 ParOldGen       total 64512K, used 19563K [0x00000000c0000000, 0x00000000c3f00000, 0x00000000eab00000)
  object space 64512K, 30% used [0x00000000c0000000,0x00000000c131af90,0x00000000c3f00000)
 Metaspace       used 34161K, capacity 35374K, committed 35456K, reserved 1079296K
  class space    used 4498K, capacity 4962K, committed 4992K, reserved 1048576K
Event: 5.360 GC heap after
Heap after GC invocations=12 (full 2):
 PSYoungGen      total 163840K, used 0K [0x00000000eab00000, 0x00000000f6c80000, 0x0000000100000000)
  eden space 150016K, 0% used [0x00000000eab00000,0x00000000eab00000,0x00000000f3d80000)
  from space 13824K, 0% used [0x00000000f5080000,0x00000000f5080000,0x00000000f5e00000)
  to   space 19456K, 0% used [0x00000000f3d80000,0x00000000f3d80000,0x00000000f5080000)
 ParOldGen       total 121856K, used 28173K [0x00000000c0000000, 0x00000000c7700000, 0x00000000eab00000)
  object space 121856K, 23% used [0x00000000c0000000,0x00000000c1b83408,0x00000000c7700000)
 Metaspace       used 34161K, capacity 35374K, committed 35456K, reserved 1079296K
  class space    used 4498K, capacity 4962K, committed 4992K, reserved 1048576K
}
Event: 6.637 GC heap before
{Heap before GC invocations=13 (full 2):
 PSYoungGen      total 163840K, used 150016K [0x00000000eab00000, 0x00000000f6c80000, 0x0000000100000000)
  eden space 150016K, 100% used [0x00000000eab00000,0x00000000f3d80000,0x00000000f3d80000)
  from space 13824K, 0% used [0x00000000f5080000,0x00000000f5080000,0x00000000f5e00000)
  to   space 19456K, 0% used [0x00000000f3d80000,0x00000000f3d80000,0x00000000f5080000)
 ParOldGen       total 121856K, used 28173K [0x00000000c0000000, 0x00000000c7700000, 0x00000000eab00000)
  object space 121856K, 23% used [0x00000000c0000000,0x00000000c1b83408,0x00000000c7700000)
 Metaspace       used 39723K, capacity 41586K, committed 41728K, reserved 1085440K
  class space    used 5406K, capacity 6107K, committed 6144K, reserved 1048576K
Event: 6.659 GC heap after
Heap after GC invocations=13 (full 2):
 PSYoungGen      total 169472K, used 16399K [0x00000000eab00000, 0x00000000f8700000, 0x0000000100000000)
  eden space 150016K, 0% used [0x00000000eab00000,0x00000000eab00000,0x00000000f3d80000)
  from space 19456K, 84% used [0x00000000f3d80000,0x00000000f4d83dd0,0x00000000f5080000)
  to   space 21504K, 0% used [0x00000000f7200000,0x00000000f7200000,0x00000000f8700000)
 ParOldGen       total 121856K, used 28181K [0x00000000c0000000, 0x00000000c7700000, 0x00000000eab00000)
  object space 121856K, 23% used [0x00000000c0000000,0x00000000c1b85408,0x00000000c7700000)
 Metaspace       used 39723K, capacity 41586K, committed 41728K, reserved 1085440K
  class space    used 5406K, capacity 6107K, committed 6144K, reserved 1048576K
}
Event: 8.254 GC heap before
{Heap before GC invocations=14 (full 2):
 PSYoungGen      total 169472K, used 166415K [0x00000000eab00000, 0x00000000f8700000, 0x0000000100000000)
  eden space 150016K, 100% used [0x00000000eab00000,0x00000000f3d80000,0x00000000f3d80000)
  from space 19456K, 84% used [0x00000000f3d80000,0x00000000f4d83dd0,0x00000000f5080000)
  to   space 21504K, 0% used [0x00000000f7200000,0x00000000f7200000,0x00000000f8700000)
 ParOldGen       total 121856K, used 28181K [0x00000000c0000000, 0x00000000c7700000, 0x00000000eab00000)
  object space 121856K, 23% used [0x00000000c0000000,0x00000000c1b85408,0x00000000c7700000)
 Metaspace       used 42897K, capacity 46277K, committed 46336K, reserved 1089536K
  class space    used 5854K, capacity 6903K, committed 6912K, reserved 1048576K
Event: 8.277 GC heap after
Heap after GC invocations=14 (full 2):
 PSYoungGen      total 197632K, used 21491K [0x00000000eab00000, 0x00000000f9380000, 0x0000000100000000)
  eden space 176128K, 0% used [0x00000000eab00000,0x00000000eab00000,0x00000000f5700000)
  from space 21504K, 99% used [0x00000000f7200000,0x00000000f86fcc48,0x00000000f8700000)
  to   space 27648K, 0% used [0x00000000f5700000,0x00000000f5700000,0x00000000f7200000)
 ParOldGen       total 121856K, used 35232K [0x00000000c0000000, 0x00000000c7700000, 0x00000000eab00000)
  object space 121856K, 28% used [0x00000000c0000000,0x00000000c2268138,0x00000000c7700000)
 Metaspace       used 42897K, capacity 46277K, committed 46336K, reserved 1089536K
  class space    used 5854K, capacity 6903K, committed 6912K, reserved 1048576K
}
Event: 9.571 GC heap before
{Heap before GC invocations=15 (full 2):
 PSYoungGen      total 197632K, used 197619K [0x00000000eab00000, 0x00000000f9380000, 0x0000000100000000)
  eden space 176128K, 100% used [0x00000000eab00000,0x00000000f5700000,0x00000000f5700000)
  from space 21504K, 99% used [0x00000000f7200000,0x00000000f86fcc48,0x00000000f8700000)
  to   space 27648K, 0% used [0x00000000f5700000,0x00000000f5700000,0x00000000f7200000)
 ParOldGen       total 121856K, used 35232K [0x00000000c0000000, 0x00000000c7700000, 0x00000000eab00000)
  object space 121856K, 28% used [0x00000000c0000000,0x00000000c2268138,0x00000000c7700000)
 Metaspace       used 45836K, capacity 49827K, committed 50048K, reserved 1091584K
  class space    used 6302K, capacity 7509K, committed 7552K, reserved 1048576K
Event: 9.599 GC heap after
Heap after GC invocations=15 (full 2):
 PSYoungGen      total 203776K, used 27641K [0x00000000eab00000, 0x00000000fc400000, 0x0000000100000000)
  eden space 176128K, 0% used [0x00000000eab00000,0x00000000eab00000,0x00000000f5700000)
  from space 27648K, 99% used [0x00000000f5700000,0x00000000f71fe428,0x00000000f7200000)
  to   space 34816K, 0% used [0x00000000fa200000,0x00000000fa200000,0x00000000fc400000)
 ParOldGen       total 121856K, used 42291K [0x00000000c0000000, 0x00000000c7700000, 0x00000000eab00000)
  object space 121856K, 34% used [0x00000000c0000000,0x00000000c294cd28,0x00000000c7700000)
 Metaspace       used 45836K, capacity 49827K, committed 50048K, reserved 1091584K
  class space    used 6302K, capacity 7509K, committed 7552K, reserved 1048576K
}

