# JRE version: Java(TM) SE Runtime Environment (8.0_25-b18) (build 1.8.0_25-b18)
# Java VM: Java HotSpot(TM) 64-Bit Server VM (25.25-b02 mixed mode windows-amd64 compressed oops)
Heap:
 PSYoungGen      total 222208K, used 115572K [0x00000000eab00000, 0x00000000fd780000, 0x0000000100000000)
  eden space 193024K, 44% used [0x00000000eab00000,0x00000000eff617e0,0x00000000f6780000)
  from space 29184K, 99% used [0x00000000f6780000,0x00000000f83fb890,0x00000000f8400000)
  to   space 37888K, 0% used [0x00000000fb280000,0x00000000fb280000,0x00000000fd780000)
 ParOldGen       total 117248K, used 45734K [0x00000000c0000000, 0x00000000c7280000, 0x00000000eab00000)
  object space 117248K, 39% used [0x00000000c0000000,0x00000000c2ca99b8,0x00000000c7280000)
 Metaspace       used 47888K, capacity 52157K, committed 52224K, reserved 1093632K
  class space    used 6635K, capacity 7895K, committed 7936K, reserved 1048576K
GC Heap History (10 events):
Event: 5.296 GC heap before
{Heap before GC invocations=11 (full 1):
 PSYoungGen      total 148992K, used 91665K [0x00000000eab00000, 0x00000000f7080000, 0x0000000100000000)
  eden space 138240K, 58% used [0x00000000eab00000,0x00000000efa04c00,0x00000000f3200000)
  from space 10752K, 99% used [0x00000000f3200000,0x00000000f3c7fac0,0x00000000f3c80000)
  to   space 14848K, 0% used [0x00000000f6200000,0x00000000f6200000,0x00000000f7080000)
 ParOldGen       total 61952K, used 13230K [0x00000000c0000000, 0x00000000c3c80000, 0x00000000eab00000)
  object space 61952K, 21% used [0x00000000c0000000,0x00000000c0ceba48,0x00000000c3c80000)
 Metaspace       used 34111K, capacity 35368K, committed 35456K, reserved 1079296K
  class space    used 4493K, capacity 4961K, committed 4992K, reserved 1048576K
Event: 5.314 GC heap after
Heap after GC invocations=11 (full 1):
 PSYoungGen      total 182784K, used 14836K [0x00000000eab00000, 0x00000000f7f00000, 0x0000000100000000)
  eden space 167936K, 0% used [0x00000000eab00000,0x00000000eab00000,0x00000000f4f00000)
  from space 14848K, 99% used [0x00000000f6200000,0x00000000f707d0e0,0x00000000f7080000)
  to   space 19456K, 0% used [0x00000000f4f00000,0x00000000f4f00000,0x00000000f6200000)
 ParOldGen       total 61952K, used 19644K [0x00000000c0000000, 0x00000000c3c80000, 0x00000000eab00000)
  object space 61952K, 31% used [0x00000000c0000000,0x00000000c132f158,0x00000000c3c80000)
 Metaspace       used 34111K, capacity 35368K, committed 35456K, reserved 1079296K
  class space    used 4493K, capacity 4961K, committed 4992K, reserved 1048576K
}
Event: 5.314 GC heap before
{Heap before GC invocations=12 (full 2):
 PSYoungGen      total 182784K, used 14836K [0x00000000eab00000, 0x00000000f7f00000, 0x0000000100000000)
  eden space 167936K, 0% used [0x00000000eab00000,0x00000000eab00000,0x00000000f4f00000)
  from space 14848K, 99% used [0x00000000f6200000,0x00000000f707d0e0,0x00000000f7080000)
  to   space 19456K, 0% used [0x00000000f4f00000,0x00000000f4f00000,0x00000000f6200000)
 ParOldGen       total 61952K, used 19644K [0x00000000c0000000, 0x00000000c3c80000, 0x00000000eab00000)
  object space 61952K, 31% used [0x00000000c0000000,0x00000000c132f158,0x00000000c3c80000)
 Metaspace       used 34111K, capacity 35368K, committed 35456K, reserved 1079296K
  class space    used 4493K, capacity 4961K, committed 4992K, reserved 1048576K
Event: 5.463 GC heap after
Heap after GC invocations=12 (full 2):
 PSYoungGen      total 182784K, used 0K [0x00000000eab00000, 0x00000000f7f00000, 0x0000000100000000)
  eden space 167936K, 0% used [0x00000000eab00000,0x00000000eab00000,0x00000000f4f00000)
  from space 14848K, 0% used [0x00000000f6200000,0x00000000f6200000,0x00000000f7080000)
  to   space 19456K, 0% used [0x00000000f4f00000,0x00000000f4f00000,0x00000000f6200000)
 ParOldGen       total 117248K, used 27312K [0x00000000c0000000, 0x00000000c7280000, 0x00000000eab00000)
  object space 117248K, 23% used [0x00000000c0000000,0x00000000c1aac0f0,0x00000000c7280000)
 Metaspace       used 34111K, capacity 35368K, committed 35456K, reserved 1079296K
  class space    used 4493K, capacity 4961K, committed 4992K, reserved 1048576K
}
Event: 7.074 GC heap before
{Heap before GC invocations=13 (full 2):
 PSYoungGen      total 182784K, used 167936K [0x00000000eab00000, 0x00000000f7f00000, 0x0000000100000000)
  eden space 167936K, 100% used [0x00000000eab00000,0x00000000f4f00000,0x00000000f4f00000)
  from space 14848K, 0% used [0x00000000f6200000,0x00000000f6200000,0x00000000f7080000)
  to   space 19456K, 0% used [0x00000000f4f00000,0x00000000f4f00000,0x00000000f6200000)
 ParOldGen       total 117248K, used 27312K [0x00000000c0000000, 0x00000000c7280000, 0x00000000eab00000)
  object space 117248K, 23% used [0x00000000c0000000,0x00000000c1aac0f0,0x00000000c7280000)
 Metaspace       used 40374K, capacity 42238K, committed 42368K, reserved 1085440K
  class space    used 5510K, capacity 6222K, committed 6272K, reserved 1048576K
Event: 7.089 GC heap after
Heap after GC invocations=13 (full 2):
 PSYoungGen      total 187392K, used 18377K [0x00000000eab00000, 0x00000000f9a00000, 0x0000000100000000)
  eden space 167936K, 0% used [0x00000000eab00000,0x00000000eab00000,0x00000000f4f00000)
  from space 19456K, 94% used [0x00000000f4f00000,0x00000000f60f2700,0x00000000f6200000)
  to   space 22528K, 0% used [0x00000000f8400000,0x00000000f8400000,0x00000000f9a00000)
 ParOldGen       total 117248K, used 27320K [0x00000000c0000000, 0x00000000c7280000, 0x00000000eab00000)
  object space 117248K, 23% used [0x00000000c0000000,0x00000000c1aae0f0,0x00000000c7280000)
 Metaspace       used 40374K, capacity 42238K, committed 42368K, reserved 1085440K
  class space    used 5510K, capacity 6222K, committed 6272K, reserved 1048576K
}
Event: 8.825 GC heap before
{Heap before GC invocations=14 (full 2):
 PSYoungGen      total 187392K, used 186313K [0x00000000eab00000, 0x00000000f9a00000, 0x0000000100000000)
  eden space 167936K, 100% used [0x00000000eab00000,0x00000000f4f00000,0x00000000f4f00000)
  from space 19456K, 94% used [0x00000000f4f00000,0x00000000f60f2700,0x00000000f6200000)
  to   space 22528K, 0% used [0x00000000f8400000,0x00000000f8400000,0x00000000f9a00000)
 ParOldGen       total 117248K, used 27320K [0x00000000c0000000, 0x00000000c7280000, 0x00000000eab00000)
  object space 117248K, 23% used [0x00000000c0000000,0x00000000c1aae0f0,0x00000000c7280000)
 Metaspace       used 43092K, capacity 46473K, committed 46720K, reserved 1089536K
  class space    used 5865K, capacity 6940K, committed 7040K, reserved 1048576K
Event: 8.848 GC heap after
Heap after GC invocations=14 (full 2):
 PSYoungGen      total 215552K, used 22528K [0x00000000eab00000, 0x00000000fa700000, 0x0000000100000000)
  eden space 193024K, 0% used [0x00000000eab00000,0x00000000eab00000,0x00000000f6780000)
  from space 22528K, 100% used [0x00000000f8400000,0x00000000f9a00000,0x00000000f9a00000)
  to   space 29184K, 0% used [0x00000000f6780000,0x00000000f6780000,0x00000000f8400000)
 ParOldGen       total 117248K, used 35042K [0x00000000c0000000, 0x00000000c7280000, 0x00000000eab00000)
  object space 117248K, 29% used [0x00000000c0000000,0x00000000c2238a80,0x00000000c7280000)
 Metaspace       used 43092K, capacity 46473K, committed 46720K, reserved 1089536K
  class space    used 5865K, capacity 6940K, committed 7040K, reserved 1048576K
}
Event: 10.174 GC heap before
{Heap before GC invocations=15 (full 2):
 PSYoungGen      total 215552K, used 215552K [0x00000000eab00000, 0x00000000fa700000, 0x0000000100000000)
  eden space 193024K, 100% used [0x00000000eab00000,0x00000000f6780000,0x00000000f6780000)
  from space 22528K, 100% used [0x00000000f8400000,0x00000000f9a00000,0x00000000f9a00000)
  to   space 29184K, 0% used [0x00000000f6780000,0x00000000f6780000,0x00000000f8400000)
 ParOldGen       total 117248K, used 35042K [0x00000000c0000000, 0x00000000c7280000, 0x00000000eab00000)
  object space 117248K, 29% used [0x00000000c0000000,0x00000000c2238a80,0x00000000c7280000)
 Metaspace       used 46327K, capacity 50387K, committed 50432K, reserved 1091584K
  class space    used 6417K, capacity 7651K, committed 7680K, reserved 1048576K
Event: 10.200 GC heap after
Heap after GC invocations=15 (full 2):
 PSYoungGen      total 222208K, used 29166K [0x00000000eab00000, 0x00000000fd780000, 0x0000000100000000)
  eden space 193024K, 0% used [0x00000000eab00000,0x00000000eab00000,0x00000000f6780000)
  from space 29184K, 99% used [0x00000000f6780000,0x00000000f83fb890,0x00000000f8400000)
  to   space 37888K, 0% used [0x00000000fb280000,0x00000000fb280000,0x00000000fd780000)
 ParOldGen       total 117248K, used 45734K [0x00000000c0000000, 0x00000000c7280000, 0x00000000eab00000)
  object space 117248K, 39% used [0x00000000c0000000,0x00000000c2ca99b8,0x00000000c7280000)
 Metaspace       used 46327K, capacity 50387K, committed 50432K, reserved 1091584K
  class space    used 6417K, capacity 7651K, committed 7680K, reserved 1048576K
}

